# JRE version: Java(TM) SE Runtime Environment 18.9 (11.0.8+10) (build 11.0.8+10-LTS)
# Java VM: Java HotSpot(TM) 64-Bit Server VM 18.9 (11.0.8+10-LTS, mixed mode, tiered, compressed oops, parallel gc, windows-amd64)
Heap:
 PSYoungGen      total 3072K, used 1024K [0x00000000eab00000, 0x00000000eb000000, 0x0000000100000000)
  eden space 1024K, 100% used [0x00000000eab00000,0x00000000eac00000,0x00000000eac00000)
  from space 2048K, 0% used [0x00000000eac00000,0x00000000eac00000,0x00000000eae00000)
  to   space 2048K, 48% used [0x00000000eae00000,0x00000000eaef8000,0x00000000eb000000)
 ParOldGen       total 214016K, used 191716K [0x00000000c0000000, 0x00000000cd100000, 0x00000000eab00000)
  object space 214016K, 89% used [0x00000000c0000000,0x00000000cbb39390,0x00000000cd100000)
 Metaspace       used 82801K, capacity 86341K, committed 86784K, reserved 1126400K
  class space    used 7461K, capacity 8785K, committed 8960K, reserved 1048576K
GC Heap History (10 events):
Event: 2730.823 GC heap after
{Heap after GC invocations=7735 (full 153):
 PSYoungGen      total 2560K, used 352K [0x00000000eab00000, 0x00000000eae80000, 0x0000000100000000)
  eden space 1536K, 0% used [0x00000000eab00000,0x00000000eab00000,0x00000000eac80000)
  from space 1024K, 34% used [0x00000000ead00000,0x00000000ead58000,0x00000000eae00000)
  to   space 512K, 0% used [0x00000000eae00000,0x00000000eae00000,0x00000000eae80000)
 ParOldGen       total 215040K, used 212441K [0x00000000c0000000, 0x00000000cd200000, 0x00000000eab00000)
  object space 215040K, 98% used [0x00000000c0000000,0x00000000ccf76728,0x00000000cd200000)
 Metaspace       used 82801K, capacity 86341K, committed 86784K, reserved 1126400K
  class space    used 7461K, capacity 8785K, committed 8960K, reserved 1048576K
}
Event: 2730.826 GC heap before
{Heap before GC invocations=7736 (full 153):
 PSYoungGen      total 2560K, used 1888K [0x00000000eab00000, 0x00000000eae80000, 0x0000000100000000)
  eden space 1536K, 100% used [0x00000000eab00000,0x00000000eac80000,0x00000000eac80000)
  from space 1024K, 34% used [0x00000000ead00000,0x00000000ead58000,0x00000000eae00000)
  to   space 512K, 0% used [0x00000000eae00000,0x00000000eae00000,0x00000000eae80000)
 ParOldGen       total 215040K, used 212441K [0x00000000c0000000, 0x00000000cd200000, 0x00000000eab00000)
  object space 215040K, 98% used [0x00000000c0000000,0x00000000ccf76728,0x00000000cd200000)
 Metaspace       used 82801K, capacity 86341K, committed 86784K, reserved 1126400K
  class space    used 7461K, capacity 8785K, committed 8960K, reserved 1048576K
}
Event: 2730.827 GC heap after
{Heap after GC invocations=7736 (full 153):
 PSYoungGen      total 2560K, used 128K [0x00000000eab00000, 0x00000000eae80000, 0x0000000100000000)
  eden space 2048K, 0% used [0x00000000eab00000,0x00000000eab00000,0x00000000ead00000)
  from space 512K, 25% used [0x00000000eae00000,0x00000000eae20000,0x00000000eae80000)
  to   space 512K, 0% used [0x00000000ead80000,0x00000000ead80000,0x00000000eae00000)
 ParOldGen       total 215040K, used 212553K [0x00000000c0000000, 0x00000000cd200000, 0x00000000eab00000)
  object space 215040K, 98% used [0x00000000c0000000,0x00000000ccf92728,0x00000000cd200000)
 Metaspace       used 82801K, capacity 86341K, committed 86784K, reserved 1126400K
  class space    used 7461K, capacity 8785K, committed 8960K, reserved 1048576K
}
Event: 2730.831 GC heap before
{Heap before GC invocations=7737 (full 153):
 PSYoungGen      total 2560K, used 2176K [0x00000000eab00000, 0x00000000eae80000, 0x0000000100000000)
  eden space 2048K, 100% used [0x00000000eab00000,0x00000000ead00000,0x00000000ead00000)
  from space 512K, 25% used [0x00000000eae00000,0x00000000eae20000,0x00000000eae80000)
  to   space 512K, 0% used [0x00000000ead80000,0x00000000ead80000,0x00000000eae00000)
 ParOldGen       total 215040K, used 212553K [0x00000000c0000000, 0x00000000cd200000, 0x00000000eab00000)
  object space 215040K, 98% used [0x00000000c0000000,0x00000000ccf92728,0x00000000cd200000)
 Metaspace       used 82801K, capacity 86341K, committed 86784K, reserved 1126400K
  class space    used 7461K, capacity 8785K, committed 8960K, reserved 1048576K
}
Event: 2730.831 GC heap after
{Heap after GC invocations=7737 (full 153):
 PSYoungGen      total 3072K, used 64K [0x00000000eab00000, 0x00000000eae80000, 0x0000000100000000)
  eden space 2560K, 0% used [0x00000000eab00000,0x00000000eab00000,0x00000000ead80000)
  from space 512K, 12% used [0x00000000ead80000,0x00000000ead90000,0x00000000eae00000)
  to   space 512K, 0% used [0x00000000eae00000,0x00000000eae00000,0x00000000eae80000)
 ParOldGen       total 215040K, used 212569K [0x00000000c0000000, 0x00000000cd200000, 0x00000000eab00000)
  object space 215040K, 98% used [0x00000000c0000000,0x00000000ccf96728,0x00000000cd200000)
 Metaspace       used 82801K, capacity 86341K, committed 86784K, reserved 1126400K
  class space    used 7461K, capacity 8785K, committed 8960K, reserved 1048576K
}
Event: 2731.843 GC heap before
{Heap before GC invocations=7738 (full 153):
 PSYoungGen      total 3072K, used 2624K [0x00000000eab00000, 0x00000000eae80000, 0x0000000100000000)
  eden space 2560K, 100% used [0x00000000eab00000,0x00000000ead80000,0x00000000ead80000)
  from space 512K, 12% used [0x00000000ead80000,0x00000000ead90000,0x00000000eae00000)
  to   space 512K, 0% used [0x00000000eae00000,0x00000000eae00000,0x00000000eae80000)
 ParOldGen       total 215040K, used 212569K [0x00000000c0000000, 0x00000000cd200000, 0x00000000eab00000)
  object space 215040K, 98% used [0x00000000c0000000,0x00000000ccf96728,0x00000000cd200000)
 Metaspace       used 82801K, capacity 86341K, committed 86784K, reserved 1126400K
  class space    used 7461K, capacity 8785K, committed 8960K, reserved 1048576K
}
Event: 2731.844 GC heap after
{Heap after GC invocations=7738 (full 153):
 PSYoungGen      total 1536K, used 501K [0x00000000eab00000, 0x00000000eb180000, 0x0000000100000000)
  eden space 1024K, 0% used [0x00000000eab00000,0x00000000eab00000,0x00000000eac00000)
  from space 512K, 97% used [0x00000000eae00000,0x00000000eae7d590,0x00000000eae80000)
  to   space 2048K, 0% used [0x00000000eac00000,0x00000000eac00000,0x00000000eae00000)
 ParOldGen       total 215040K, used 213727K [0x00000000c0000000, 0x00000000cd200000, 0x00000000eab00000)
  object space 215040K, 99% used [0x00000000c0000000,0x00000000cd0b7cb8,0x00000000cd200000)
 Metaspace       used 82801K, capacity 86341K, committed 86784K, reserved 1126400K
  class space    used 7461K, capacity 8785K, committed 8960K, reserved 1048576K
}
Event: 2731.844 GC heap before
{Heap before GC invocations=7739 (full 154):
 PSYoungGen      total 1536K, used 501K [0x00000000eab00000, 0x00000000eb180000, 0x0000000100000000)
  eden space 1024K, 0% used [0x00000000eab00000,0x00000000eab00000,0x00000000eac00000)
  from space 512K, 97% used [0x00000000eae00000,0x00000000eae7d590,0x00000000eae80000)
  to   space 2048K, 0% used [0x00000000eac00000,0x00000000eac00000,0x00000000eae00000)
 ParOldGen       total 215040K, used 213727K [0x00000000c0000000, 0x00000000cd200000, 0x00000000eab00000)
  object space 215040K, 99% used [0x00000000c0000000,0x00000000cd0b7cb8,0x00000000cd200000)
 Metaspace       used 82801K, capacity 86341K, committed 86784K, reserved 1126400K
  class space    used 7461K, capacity 8785K, committed 8960K, reserved 1048576K
}
Event: 2731.948 GC heap after
{Heap after GC invocations=7739 (full 154):
 PSYoungGen      total 3072K, used 0K [0x00000000eab00000, 0x00000000eb000000, 0x0000000100000000)
  eden space 1024K, 0% used [0x00000000eab00000,0x00000000eab00000,0x00000000eac00000)
  from space 2048K, 0% used [0x00000000eac00000,0x00000000eac00000,0x00000000eae00000)
  to   space 2048K, 0% used [0x00000000eae00000,0x00000000eae00000,0x00000000eb000000)
 ParOldGen       total 214016K, used 191716K [0x00000000c0000000, 0x00000000cd100000, 0x00000000eab00000)
  object space 214016K, 89% used [0x00000000c0000000,0x00000000cbb39390,0x00000000cd100000)
 Metaspace       used 82801K, capacity 86341K, committed 86784K, reserved 1126400K
  class space    used 7461K, capacity 8785K, committed 8960K, reserved 1048576K
}
Event: 2731.951 GC heap before
{Heap before GC invocations=7740 (full 154):
 PSYoungGen      total 3072K, used 1024K [0x00000000eab00000, 0x00000000eb000000, 0x0000000100000000)
  eden space 1024K, 100% used [0x00000000eab00000,0x00000000eac00000,0x00000000eac00000)
  from space 2048K, 0% used [0x00000000eac00000,0x00000000eac00000,0x00000000eae00000)
  to   space 2048K, 0% used [0x00000000eae00000,0x00000000eae00000,0x00000000eb000000)
 ParOldGen       total 214016K, used 191716K [0x00000000c0000000, 0x00000000cd100000, 0x00000000eab00000)
  object space 214016K, 89% used [0x00000000c0000000,0x00000000cbb39390,0x00000000cd100000)
 Metaspace       used 82801K, capacity 86341K, committed 86784K, reserved 1126400K
  class space    used 7461K, capacity 8785K, committed 8960K, reserved 1048576K
}

